<?xml version="1.0" encoding="UTF-8"?>
<!-- Generated by org.testng.reporters.JUnitXMLReporter -->
<testsuite ignored="8" hostname="DeshmukH" failures="1" tests="3" name="Regression" time="0.134" errors="0" timestamp="2022-03-10T09:44:07 IST">
  <testcase classname="TestNg_Suite._2_SecondTest" name="dems" time="0.025"/>
  <testcase classname="TestNg_Suite._3_ThirdTest" name="meth2" time="0.0">
    <failure type="org.testng.TestNGException" message="
Parameter &amp;apos;Url&amp;apos; is required by @Test on method meth2 but has not been marked @Optional or defined
in C:\Users\Sony\eclipse-workspace\TestNg_FW\SmokeTest.xml">
      <![CDATA[org.testng.TestNGException: 
Parameter 'Url' is required by @Test on method meth2 but has not been marked @Optional or defined
in C:\Users\Sony\eclipse-workspace\TestNg_FW\SmokeTest.xml
at java.base/java.util.ArrayList.forEach(ArrayList.java:1511)
... Removed 26 stack frames]]>
    </failure>
  </testcase> <!-- meth2 -->
  <testcase classname="TestNg_Suite._4_FourthTest" name="TriumphStreetTriple" time="0.002"/>
  <testcase classname="TestNg_Suite._1_FirstTest" name="setup" time="0.0">
    <ignored/>
  </testcase> <!-- setup -->
  <testcase classname="TestNg_Suite._2_SecondTest" name="demo" time="0.0">
    <ignored/>
  </testcase> <!-- demo -->
  <testcase classname="TestNg_Suite._4_FourthTest" name="TriumphThunederBird" time="0.0">
    <ignored/>
  </testcase> <!-- TriumphThunederBird -->
  <testcase classname="TestNg_Suite._3_ThirdTest" name="meth1" time="0.0">
    <ignored/>
  </testcase> <!-- meth1 -->
  <testcase classname="TestNg_Suite._4_FourthTest" name="ProjectSe1" time="0.0">
    <ignored/>
  </testcase> <!-- ProjectSe1 -->
  <testcase classname="TestNg_Suite._4_FourthTest" name="TriumphBoneville" time="0.0">
    <ignored/>
  </testcase> <!-- TriumphBoneville -->
  <testcase classname="TestNg_Suite._4_FourthTest" name="TriumphRocker" time="0.0">
    <ignored/>
  </testcase> <!-- TriumphRocker -->
  <testcase classname="TestNg_Suite._3_ThirdTest" name="meth3" time="0.0">
    <ignored/>
  </testcase> <!-- meth3 -->
</testsuite> <!-- Regression -->
