<?xml version="1.0" encoding="UTF-8"?>
<!-- Generated by org.testng.reporters.JUnitXMLReporter -->
<testsuite ignored="1" hostname="DeshmukH" failures="0" tests="4" name="Test2" time="0.207" errors="0" timestamp="2022-03-10T09:42:29 IST">
  <testcase classname="TestNg_Suite._4_FourthTest" name="TriumphBoneville" time="0.024"/>
  <testcase classname="TestNg_Suite._4_FourthTest" name="TriumphRocker" time="0.012"/>
  <testcase classname="TestNg_Suite._4_FourthTest" name="TriumphStreetTriple" time="0.007"/>
  <testcase classname="TestNg_Suite._4_FourthTest" name="TriumphThunederBird" time="0.016"/>
  <testcase classname="TestNg_Suite._4_FourthTest" name="ProjectSe1" time="0.0">
    <ignored/>
  </testcase> <!-- ProjectSe1 -->
</testsuite> <!-- Test2 -->
